
PLAY [Build RISng second-stage target inventory from DHCP definitions] *********

TASK [Select enabled RIS deploy targets] ***************************************
Monday 23 March 2026  20:14:40 +0100 (0:00:00.026)       0:00:00.027 ********** 
[0;32mok: [bootstrapvm][0m

TASK [Remove stale SSH host keys for RIS deploy targets on control host] *******
Monday 23 March 2026  20:14:40 +0100 (0:00:00.072)       0:00:00.099 ********** 
[1;35m[WARNING]: Host 'bootstrapvm' is using the discovered Python interpreter at '/usr/bin/python3.13', but future installation of another Python interpreter could cause a different interpreter to be discovered. See https://docs.ansible.com/ansible-core/2.19/reference_appendices/interpreter_discovery.html for more information.[0m
[0;32mok: [bootstrapvm] => (item={'name': 'icocmd01', 'mac': 'c0:7c:d1:31:53:95', 'ip': '10.228.229.200', 'boot_profile': 'iCMD', 'secondstage_enabled': True, 'secondstage_components': ['graphics-gnome'], 'install_slot': 'A', 'install_slots': {'A': {'root_part': 'sda2'}, 'B': {'root_part': 'sda3'}}})[0m
[0;32mok: [bootstrapvm] => (item={'name': 'icocmd02', 'mac': '00:50:56:ba:c8:11', 'ip': '10.228.229.201', 'boot_profile': 'iCMD', 'secondstage_enabled': True, 'secondstage_components': ['graphics-gnome'], 'install_slot': 'A', 'install_slots': {'A': {'root_part': 'sda2'}, 'B': {'root_part': 'sda3'}}})[0m

TASK [Register enabled RIS deploy targets as dynamic hosts] ********************
Monday 23 March 2026  20:14:41 +0100 (0:00:00.673)       0:00:00.772 ********** 
[0;33mchanged: [bootstrapvm] => (item={'name': 'icocmd01', 'mac': 'c0:7c:d1:31:53:95', 'ip': '10.228.229.200', 'boot_profile': 'iCMD', 'secondstage_enabled': True, 'secondstage_components': ['graphics-gnome'], 'install_slot': 'A', 'install_slots': {'A': {'root_part': 'sda2'}, 'B': {'root_part': 'sda3'}}})[0m
[0;33mchanged: [bootstrapvm] => (item={'name': 'icocmd02', 'mac': '00:50:56:ba:c8:11', 'ip': '10.228.229.201', 'boot_profile': 'iCMD', 'secondstage_enabled': True, 'secondstage_components': ['graphics-gnome'], 'install_slot': 'A', 'install_slots': {'A': {'root_part': 'sda2'}, 'B': {'root_part': 'sda3'}}})[0m

PLAY [Apply RISng second-stage components to selected clients] *****************

TASK [Bootstrap local RISng repositories on second-stage client without Python] ***
Monday 23 March 2026  20:14:41 +0100 (0:00:00.087)       0:00:00.859 ********** 
[0;32mok: [icocmd01][0m
[0;31m[ERROR]: Task failed: Failed to connect to the host via ssh: ssh: connect to host 10.228.229.201 port 22: No route to host[0m
[0;31mOrigin: /home/risng/risng/ansible/secondstage/risdeploy.yml:52:7[0m
[0;31m[0m
[0;31m50     - vars/risdeploy_repo_catalog.yml[0m
[0;31m51   pre_tasks:[0m
[0;31m52     - name: Bootstrap local RISng repositories on second-stage client without Python[0m
[0;31m         ^ column 7[0m
[0;31m[0m
[1;31mfatal: [icocmd02]: UNREACHABLE! => {"changed": false, "msg": "Task failed: Failed to connect to the host via ssh: ssh: connect to host 10.228.229.201 port 22: No route to host", "unreachable": true}[0m

TASK [Bootstrap Python 3 for optional later use] *******************************
Monday 23 March 2026  20:14:44 +0100 (0:00:03.097)       0:00:03.956 ********** 
[0;32mok: [icocmd01][0m

TASK [Build effective component definitions on control host] *******************
Monday 23 March 2026  20:14:44 +0100 (0:00:00.268)       0:00:04.224 ********** 
[0;32mok: [icocmd01 -> localhost][0m

TASK [Clean yum metadata before second-stage install] **************************
Monday 23 March 2026  20:14:44 +0100 (0:00:00.073)       0:00:04.298 ********** 
[0;32mok: [icocmd01][0m

TASK [Install yum groups required by selected components via raw yum] **********
Monday 23 March 2026  20:14:45 +0100 (0:00:00.178)       0:00:04.477 ********** 
[0;36mskipping: [icocmd01][0m

TASK [Install RPM packages required by selected components via raw yum] ********
Monday 23 March 2026  20:14:45 +0100 (0:00:00.060)       0:00:04.537 ********** 
[0;33mchanged: [icocmd01][0m

TASK [Force GDM to use Xorg on graphical clients] ******************************
Monday 23 March 2026  20:14:46 +0100 (0:00:01.263)       0:00:05.801 ********** 
[0;33mchanged: [icocmd01][0m

TASK [Ensure login user home and authority files exist for graphical session] ***
Monday 23 March 2026  20:14:46 +0100 (0:00:00.062)       0:00:05.864 ********** 
[0;33mchanged: [icocmd01][0m

TASK [Ensure staging wallpaper directory exists for login user] ****************
Monday 23 March 2026  20:14:46 +0100 (0:00:00.067)       0:00:05.931 ********** 
[0;33mchanged: [icocmd01][0m

TASK [Copy staged wallpaper base image to temporary path via scp without sshpass] ***
Monday 23 March 2026  20:14:46 +0100 (0:00:00.055)       0:00:05.987 ********** 
[1;35m[WARNING]: Host 'icocmd01' is using the discovered Python interpreter at '/usr/bin/python3.13', but future installation of another Python interpreter could cause a different interpreter to be discovered. See https://docs.ansible.com/ansible-core/2.19/reference_appendices/interpreter_discovery.html for more information.[0m
[0;31m[ERROR]: Task failed: Module failed: non-zero return code[0m
[0;31mOrigin: /home/risng/risng/ansible/secondstage/risdeploy.yml:198:7[0m
[0;31m[0m
[0;31m196       when: "'graphics-gnome' in risdeploy_components"[0m
[0;31m197[0m
[0;31m198     - name: Copy staged wallpaper base image to temporary path via scp without sshpass[0m
[0;31m          ^ column 7[0m
[0;31m[0m
[0;31mfatal: [icocmd01 -> localhost]: FAILED! => {"changed": true, "cmd": ["scp", "-o", "StrictHostKeyChecking=no", "-o", "UserKnownHostsFile=/dev/null", "/home/risng/risng/ansible/secondstage/../bootstrapvm/roles/management/files/BackgroundPic.png", "root@10.228.229.200:/tmp/BackgroundPic.png"], "delta": "0:00:00.088247", "end": "2026-03-23 20:14:46.910051", "msg": "non-zero return code", "rc": 255, "start": "2026-03-23 20:14:46.821804", "stderr": "Warning: Permanently added '10.228.229.200' (ED25519) to the list of known hosts.\r\nssh_askpass: exec(/usr/bin/ssh-askpass): No such file or directory\r\nPermission denied, please try again.\r\nssh_askpass: exec(/usr/bin/ssh-askpass): No such file or directory\r\nPermission denied, please try again.\r\nssh_askpass: exec(/usr/bin/ssh-askpass): No such file or directory\r\nroot@10.228.229.200: Permission denied (publickey,gssapi-keyex,gssapi-with-mic,password).\r\nscp: Connection closed", "stderr_lines": ["Warning: Permanently added '10.228.229.200' (ED25519) to the list of known hosts.", "ssh_askpass: exec(/usr/bin/ssh-askpass): No such file or directory", "Permission denied, please try again.", "ssh_askpass: exec(/usr/bin/ssh-askpass): No such file or directory", "Permission denied, please try again.", "ssh_askpass: exec(/usr/bin/ssh-askpass): No such file or directory", "root@10.228.229.200: Permission denied (publickey,gssapi-keyex,gssapi-with-mic,password).", "scp: Connection closed"], "stdout": "", "stdout_lines": []}[0m

PLAY RECAP *********************************************************************
[0;33mbootstrapvm[0m                : [0;32mok=3   [0m [0;33mchanged=1   [0m unreachable=0    failed=0    skipped=0    rescued=0    ignored=0   
[0;31micocmd01[0m                   : [0;32mok=8   [0m [0;33mchanged=4   [0m unreachable=0    [0;31mfailed=1   [0m [0;36mskipped=1   [0m rescued=0    ignored=0   
[0;31micocmd02[0m                   : ok=0    changed=0    [1;31munreachable=1   [0m failed=0    skipped=0    rescued=0    ignored=0   


TASKS RECAP ********************************************************************
Monday 23 March 2026  20:14:46 +0100 (0:00:00.371)       0:00:06.359 ********** 
=============================================================================== 
Bootstrap local RISng repositories on second-stage client without Python --- 3.10s
Install RPM packages required by selected components via raw yum -------- 1.26s
Remove stale SSH host keys for RIS deploy targets on control host ------- 0.67s
Copy staged wallpaper base image to temporary path via scp without sshpass --- 0.37s
Bootstrap Python 3 for optional later use ------------------------------- 0.27s
Clean yum metadata before second-stage install -------------------------- 0.18s
Register enabled RIS deploy targets as dynamic hosts -------------------- 0.09s
Build effective component definitions on control host ------------------- 0.07s
Select enabled RIS deploy targets --------------------------------------- 0.07s
Ensure login user home and authority files exist for graphical session --- 0.07s
Force GDM to use Xorg on graphical clients ------------------------------ 0.06s
Install yum groups required by selected components via raw yum ---------- 0.06s
Ensure staging wallpaper directory exists for login user ---------------- 0.06s
